<?xml version="1.0" encoding="UTF-8"?>
<testsuite xmlns:xsi="http://www.w3.org/2001/XMLSchema-instance" xsi:noNamespaceSchemaLocation="https://maven.apache.org/surefire/maven-surefire-plugin/xsd/surefire-test-report.xsd" name="test.AppTest" time="0.059" tests="2" errors="0" skipped="0" failures="1">
  <properties>
[...]
</properties>
  <testcase name="shouldAnswerWithTrue" classname="test.AppTest" time="0.004"/>
  <testcase name="secondTest" classname="test.AppTest" time="0.008">
    <failure type="java.lang.AssertionError">java.lang.AssertionError
	at test.AppTest.secondTest(AppTest.java:23)
</failure>
  </testcase>
</testsuite>